# JRE version: OpenJDK Runtime Environment Temurin-17.0.10+7 (17.0.10+7) (build 17.0.10+7)
# Java VM: OpenJDK 64-Bit Server VM Temurin-17.0.10+7 (17.0.10+7, mixed mode, emulated-client, tiered, compressed oops, compressed class ptrs, g1 gc, windows-amd64)
GC Precious Log:
 CPUs: 16 total, 16 available
 Memory: 40657M
 Large Page Support: Disabled
 NUMA Support: Disabled
 Compressed Oops: Enabled (Zero based)
 Heap Region Size: 8M
 Heap Min Capacity: 8M
 Heap Initial Capacity: 640M
 Heap Max Capacity: 10168M
 Pre-touch: Disabled
 Parallel Workers: 13
 Concurrent Workers: 3
 Concurrent Refinement Workers: 13
 Periodic GC: Disabled
Heap:
 garbage-first heap   total 385024K, used 169887K [0x0000000584800000, 0x0000000800000000)
  region size 8192K, 18 young (147456K), 1 survivors (8192K)
 Metaspace       used 64389K, committed 65024K, reserved 1114112K
  class space    used 8284K, committed 8576K, reserved 1048576K
GC Heap History (20 events):
Event: 1098.694 GC heap after
{Heap after GC invocations=25 (full 2):
 garbage-first heap   total 401408K, used 36332K [0x0000000584800000, 0x0000000800000000)
  region size 8192K, 1 young (8192K), 1 survivors (8192K)
 Metaspace       used 62155K, committed 62720K, reserved 1114112K
  class space    used 8037K, committed 8320K, reserved 1048576K
}
Event: 1147.829 GC heap before
{Heap before GC invocations=25 (full 2):
 garbage-first heap   total 401408K, used 110060K [0x0000000584800000, 0x0000000800000000)
  region size 8192K, 11 young (90112K), 1 survivors (8192K)
 Metaspace       used 62877K, committed 63488K, reserved 1114112K
  class space    used 8122K, committed 8384K, reserved 1048576K
}
Event: 1147.873 GC heap after
{Heap after GC invocations=26 (full 3):
 garbage-first heap   total 139264K, used 29837K [0x0000000584800000, 0x0000000800000000)
  region size 8192K, 0 young (0K), 0 survivors (0K)
 Metaspace       used 62821K, committed 63488K, reserved 1114112K
  class space    used 8113K, committed 8384K, reserved 1048576K
}
Event: 1148.236 GC heap before
{Heap before GC invocations=26 (full 3):
 garbage-first heap   total 139264K, used 95373K [0x0000000584800000, 0x0000000800000000)
  region size 8192K, 8 young (65536K), 0 survivors (0K)
 Metaspace       used 63073K, committed 63616K, reserved 1114112K
  class space    used 8155K, committed 8384K, reserved 1048576K
}
Event: 1148.240 GC heap after
{Heap after GC invocations=27 (full 3):
 garbage-first heap   total 139264K, used 34506K [0x0000000584800000, 0x0000000800000000)
  region size 8192K, 1 young (8192K), 1 survivors (8192K)
 Metaspace       used 63073K, committed 63616K, reserved 1114112K
  class space    used 8155K, committed 8384K, reserved 1048576K
}
Event: 1148.483 GC heap before
{Heap before GC invocations=27 (full 3):
 garbage-first heap   total 139264K, used 91850K [0x0000000584800000, 0x0000000800000000)
  region size 8192K, 8 young (65536K), 1 survivors (8192K)
 Metaspace       used 63573K, committed 64192K, reserved 1114112K
  class space    used 8191K, committed 8448K, reserved 1048576K
}
Event: 1148.489 GC heap after
{Heap after GC invocations=28 (full 3):
 garbage-first heap   total 139264K, used 39965K [0x0000000584800000, 0x0000000800000000)
  region size 8192K, 1 young (8192K), 1 survivors (8192K)
 Metaspace       used 63573K, committed 64192K, reserved 1114112K
  class space    used 8191K, committed 8448K, reserved 1048576K
}
Event: 1148.549 GC heap before
{Heap before GC invocations=28 (full 3):
 garbage-first heap   total 139264K, used 89117K [0x0000000584800000, 0x0000000800000000)
  region size 8192K, 7 young (57344K), 1 survivors (8192K)
 Metaspace       used 63573K, committed 64192K, reserved 1114112K
  class space    used 8191K, committed 8448K, reserved 1048576K
}
Event: 1148.551 GC heap after
{Heap after GC invocations=29 (full 3):
 garbage-first heap   total 139264K, used 37556K [0x0000000584800000, 0x0000000800000000)
  region size 8192K, 1 young (8192K), 1 survivors (8192K)
 Metaspace       used 63573K, committed 64192K, reserved 1114112K
  class space    used 8191K, committed 8448K, reserved 1048576K
}
Event: 1148.604 GC heap before
{Heap before GC invocations=29 (full 3):
 garbage-first heap   total 139264K, used 86708K [0x0000000584800000, 0x0000000800000000)
  region size 8192K, 7 young (57344K), 1 survivors (8192K)
 Metaspace       used 63582K, committed 64192K, reserved 1114112K
  class space    used 8192K, committed 8448K, reserved 1048576K
}
Event: 1148.607 GC heap after
{Heap after GC invocations=30 (full 3):
 garbage-first heap   total 139264K, used 42440K [0x0000000584800000, 0x0000000800000000)
  region size 8192K, 1 young (8192K), 1 survivors (8192K)
 Metaspace       used 63582K, committed 64192K, reserved 1114112K
  class space    used 8192K, committed 8448K, reserved 1048576K
}
Event: 1152.324 GC heap before
{Heap before GC invocations=30 (full 3):
 garbage-first heap   total 139264K, used 75208K [0x0000000584800000, 0x0000000800000000)
  region size 8192K, 6 young (49152K), 1 survivors (8192K)
 Metaspace       used 63591K, committed 64192K, reserved 1114112K
  class space    used 8194K, committed 8448K, reserved 1048576K
}
Event: 1152.402 GC heap after
{Heap after GC invocations=31 (full 4):
 garbage-first heap   total 114688K, used 29336K [0x0000000584800000, 0x0000000800000000)
  region size 8192K, 0 young (0K), 0 survivors (0K)
 Metaspace       used 63478K, committed 64192K, reserved 1114112K
  class space    used 8172K, committed 8448K, reserved 1048576K
}
Event: 1152.614 GC heap before
{Heap before GC invocations=31 (full 4):
 garbage-first heap   total 114688K, used 78488K [0x0000000584800000, 0x0000000800000000)
  region size 8192K, 6 young (49152K), 0 survivors (0K)
 Metaspace       used 63730K, committed 64320K, reserved 1114112K
  class space    used 8217K, committed 8448K, reserved 1048576K
}
Event: 1152.618 GC heap after
{Heap after GC invocations=32 (full 4):
 garbage-first heap   total 385024K, used 33310K [0x0000000584800000, 0x0000000800000000)
  region size 8192K, 1 young (8192K), 1 survivors (8192K)
 Metaspace       used 63730K, committed 64320K, reserved 1114112K
  class space    used 8217K, committed 8448K, reserved 1048576K
}
Event: 1153.026 GC heap before
{Heap before GC invocations=32 (full 4):
 garbage-first heap   total 385024K, used 254494K [0x0000000584800000, 0x0000000800000000)
  region size 8192K, 28 young (229376K), 1 survivors (8192K)
 Metaspace       used 64249K, committed 64832K, reserved 1114112K
  class space    used 8255K, committed 8512K, reserved 1048576K
}
Event: 1153.031 GC heap after
{Heap after GC invocations=33 (full 4):
 garbage-first heap   total 385024K, used 39979K [0x0000000584800000, 0x0000000800000000)
  region size 8192K, 2 young (16384K), 2 survivors (16384K)
 Metaspace       used 64249K, committed 64832K, reserved 1114112K
  class space    used 8255K, committed 8512K, reserved 1048576K
}
Event: 2452.095 GC heap before
{Heap before GC invocations=33 (full 4):
 garbage-first heap   total 385024K, used 252971K [0x0000000584800000, 0x0000000800000000)
  region size 8192K, 28 young (229376K), 2 survivors (16384K)
 Metaspace       used 64318K, committed 64960K, reserved 1114112K
  class space    used 8266K, committed 8576K, reserved 1048576K
}
Event: 2452.107 GC heap after
{Heap after GC invocations=34 (full 4):
 garbage-first heap   total 385024K, used 37252K [0x0000000584800000, 0x0000000800000000)
  region size 8192K, 1 young (8192K), 1 survivors (8192K)
 Metaspace       used 64318K, committed 64960K, reserved 1114112K
  class space    used 8266K, committed 8576K, reserved 1048576K
}
Event: 3452.789 GC heap before
{Heap before GC invocations=34 (full 4):
 garbage-first heap   total 385024K, used 168324K [0x0000000584800000, 0x0000000800000000)
  region size 8192K, 18 young (147456K), 1 survivors (8192K)
 Metaspace       used 64389K, committed 65024K, reserved 1114112K
  class space    used 8284K, committed 8576K, reserved 1048576K
}

